0 info it worked if it ends with ok
1 verbose cli [ '/home/dimik/.nvm/versions/node/v6.2.2/bin/node',
1 verbose cli   '/home/dimik/.nvm/versions/node/v6.2.2/bin/npm',
1 verbose cli   'run',
1 verbose cli   'build-outdated' ]
2 info using npm@3.9.5
3 info using node@v6.2.2
4 verbose run-script [ 'prebuild-outdated', 'build-outdated', 'postbuild-outdated' ]
5 info lifecycle weaback3-guide@1.0.0~prebuild-outdated: weaback3-guide@1.0.0
6 silly lifecycle weaback3-guide@1.0.0~prebuild-outdated: no script for prebuild-outdated, continuing
7 info lifecycle weaback3-guide@1.0.0~build-outdated: weaback3-guide@1.0.0
8 verbose lifecycle weaback3-guide@1.0.0~build-outdated: unsafe-perm in lifecycle true
9 verbose lifecycle weaback3-guide@1.0.0~build-outdated: PATH: /home/dimik/.nvm/versions/node/v6.2.2/lib/node_modules/npm/bin/node-gyp-bin:/home/dimik/job/progs/webpack3Guide/node_modules/.bin:/home/dimik/.nvm/versions/node/v6.2.2/bin:/home/dimik/.nvm/versions/node/v6.2.2/bin:/home/dimik/bin:/home/dimik/.local/bin:/usr/local/sbin:/usr/local/bin:/usr/sbin:/usr/bin:/sbin:/bin:/usr/games:/usr/local/games:/snap/bin
10 verbose lifecycle weaback3-guide@1.0.0~build-outdated: CWD: /home/dimik/job/progs/webpack3Guide
11 silly lifecycle weaback3-guide@1.0.0~build-outdated: Args: [ '-c', 'webpack --config webpack.config.js' ]
12 silly lifecycle weaback3-guide@1.0.0~build-outdated: Returned: code: 1  signal: null
13 info lifecycle weaback3-guide@1.0.0~build-outdated: Failed to exec build-outdated script
14 verbose stack Error: weaback3-guide@1.0.0 build-outdated: `webpack --config webpack.config.js`
14 verbose stack Exit status 1
14 verbose stack     at EventEmitter.<anonymous> (/home/dimik/.nvm/versions/node/v6.2.2/lib/node_modules/npm/lib/utils/lifecycle.js:245:16)
14 verbose stack     at emitTwo (events.js:106:13)
14 verbose stack     at EventEmitter.emit (events.js:191:7)
14 verbose stack     at ChildProcess.<anonymous> (/home/dimik/.nvm/versions/node/v6.2.2/lib/node_modules/npm/lib/utils/spawn.js:24:14)
14 verbose stack     at emitTwo (events.js:106:13)
14 verbose stack     at ChildProcess.emit (events.js:191:7)
14 verbose stack     at maybeClose (internal/child_process.js:852:16)
14 verbose stack     at Process.ChildProcess._handle.onexit (internal/child_process.js:215:5)
15 verbose pkgid weaback3-guide@1.0.0
16 verbose cwd /home/dimik/job/progs/webpack3Guide
17 error Linux 4.10.0-37-generic
18 error argv "/home/dimik/.nvm/versions/node/v6.2.2/bin/node" "/home/dimik/.nvm/versions/node/v6.2.2/bin/npm" "run" "build-outdated"
19 error node v6.2.2
20 error npm  v3.9.5
21 error code ELIFECYCLE
22 error weaback3-guide@1.0.0 build-outdated: `webpack --config webpack.config.js`
22 error Exit status 1
23 error Failed at the weaback3-guide@1.0.0 build-outdated script 'webpack --config webpack.config.js'.
23 error Make sure you have the latest version of node.js and npm installed.
23 error If you do, this is most likely a problem with the weaback3-guide package,
23 error not with npm itself.
23 error Tell the author that this fails on your system:
23 error     webpack --config webpack.config.js
23 error You can get information on how to open an issue for this project with:
23 error     npm bugs weaback3-guide
23 error Or if that isn't available, you can get their info via:
23 error     npm owner ls weaback3-guide
23 error There is likely additional logging output above.
24 verbose exit [ 1, true ]
